number,value,params_alpha,params_colsample_bytree,params_early_stopping_rounds,params_eta,params_gamma,params_lambda,params_max_bin,params_max_depth,params_min_child_weight,params_num_boost_round,params_subsample,user_attrs_best_iteration,user_attrs_best_score_xgb,user_attrs_valid_corr,user_attrs_valid_mae,user_attrs_valid_r2,user_attrs_valid_rmse,user_attrs_valid_spearman_corr,user_attrs_valid_weighted_rmse,state
67,2.0322890214409406,0.011579814580112258,0.5854033161427682,139,0.07844823360123564,4.66015556673744,1.3621545642618063,128,2,10.204634088376514,1175,0.8280877742045566,238,2.0322890213161244,0.5632843002453142,1.5828757456359066,0.27588153322433084,2.006347585673766,0.4871497635947731,2.0322890214409406,COMPLETE
68,2.031134643691187,1.2572601154933007,0.6596738579497374,150,0.11909713472981362,7.736545404406696,2.85253349045911,128,4,7.8879081122366586,1029,0.7449850780598355,238,2.0311346383938518,0.559583129803937,1.5754560546309477,0.2781277579303827,2.003233310786381,0.48586031970129584,2.031134643691187,COMPLETE
69,2.037530165744724,3.2651097376273395,0.6190823241383442,115,0.10461848560624772,5.332136848800653,0.645994554924524,256,6,7.018972728127454,786,0.7951474823993784,283,2.03753015956417,0.5553656475255103,1.5813068879225871,0.2741792793491168,2.008704457021616,0.4752258204119451,2.037530165744724,COMPLETE
70,2.045648278829463,2.6718668083891104,0.6440463905746747,132,0.06373607988595963,10.227267318052299,1.2072803715242835,128,3,5.465895622034787,1237,0.8424604588836523,838,2.045648284167877,0.5600831696016223,1.5970475026138198,0.26602387587426013,2.019957948857399,0.500071821983478,2.045648278829463,COMPLETE
71,2.0215645582257267,0.5542563372578745,0.698302272514319,161,0.08485320928600346,6.490767614974388,2.094408076398892,128,2,6.371875811009543,1347,0.7828610637650155,955,2.0215645562745688,0.5695210612198603,1.579013320775201,0.2835273916243317,1.995727114506631,0.5036191415270007,2.0215645582257267,COMPLETE
72,2.0171860638612222,0.5770922747803177,0.6898221523516844,160,0.08525429387976081,5.88818051825022,2.08633455991325,128,2,6.963322640114508,1328,0.7698160731313916,949,2.0171860639076096,0.5699666509437183,1.5724881563681408,0.2875642598175562,1.9900968450466456,0.5025845698653388,2.0171860638612222,COMPLETE
73,2.0388169473806217,0.7413542007083489,0.6915841145674106,160,0.08408007378566372,6.170646003599719,2.345573150226556,128,2,6.4118232968309545,1337,0.7648664936426295,272,2.038816946300564,0.5612539540230254,1.5912075439806166,0.270838175731581,2.013322390828819,0.489022635432397,2.0388169473806217,COMPLETE
74,2.0451058983986456,1.3691075860589672,0.6663122128564831,149,0.0726966253743192,7.875320620069438,1.407844277573671,128,2,13.267358937559015,1112,0.7830622180144826,272,2.0451058975041208,0.5603598788673841,1.5946809235595463,0.2647958476582135,2.021647056018208,0.48841639262953,2.0451058983986456,COMPLETE
