number,value,params_bagging_temperature,params_border_count,params_depth,params_iterations,params_l2_leaf_reg,params_learning_rate,params_min_data_in_leaf,params_od_wait,params_random_strength,user_attrs_best_iteration,user_attrs_valid_corr,user_attrs_valid_mae,user_attrs_valid_r2,user_attrs_valid_rmse,user_attrs_valid_spearman_corr,user_attrs_valid_weighted_rmse_diagnostic_only,state
0,1.5234360775943736,1.5599452033620265,64,7,1311,10.401663679887308,0.10260217747726169,1,244,1.5601864044243652,114,0.7876286384672264,1.2123712669597968,0.6200363911447481,1.5234360775943736,0.7813776068916847,1.5233672829185605,COMPLETE
1,1.5050100171238991,5.247564316322379,128,4,2548,2.0492680115417348,0.009818447719078614,12,123,3.0424224295953772,1233,0.7934475011715134,1.1970655287728074,0.6291721761641698,1.5050100171238991,0.7896851916893278,1.5057155914765983,COMPLETE
2,1.5053400084288504,0.46450412719997725,254,4,1531,7.475992999956503,0.060628760975110135,39,212,5.924145688620425,264,0.7932376985988614,1.1989192983996386,0.6290095415349779,1.5053400084288504,0.7883221386073307,1.5082310662853091,COMPLETE
3,1.5122079697023767,4.951769101112702,64,7,1122,5.595074635794794,0.006819902315213207,13,154,1.2203823484477883,1119,0.7913863669494343,1.2059055326504182,0.6256166064308564,1.5122079697023767,0.7861841959501399,1.5119666085552057,COMPLETE
4,1.5069442769176093,8.948273504276488,64,8,1776,20.74566765675251,0.008997217140167088,2,115,9.394989415641891,1775,0.793206569532981,1.1972459263639474,0.6282183774926944,1.5069442769176093,0.7874703757149326,1.5075299306173862,COMPLETE
5,1.5063147273226998,5.426960831582485,254,7,1349,4.037506188440754,0.011843743366810626,31,89,2.8093450968738076,1126,0.7930664035116971,1.1971591511959059,0.6285289478082159,1.5063147273226998,0.787597117713697,1.5072579989599297,COMPLETE
6,1.5188456560453838,0.7404465173409036,128,7,314,17.320535358459537,0.06675426755440242,14,62,7.712703466859457,313,0.7890931309838146,1.204776002764629,0.6223227559747351,1.5188456560453838,0.7840862971541436,1.5213705919154008,COMPLETE
7,1.5082264131734235,4.722149251619493,128,7,1139,12.111307195599325,0.0140537324396345,31,149,8.872127425763265,1137,0.7925690800442978,1.197377313390976,0.6275854709060056,1.5082264131734235,0.7865756996053,1.508702717107256,COMPLETE
8,1.50724149698041,6.364104112637804,128,3,1711,1.5251209898002924,0.01945659881967145,17,201,0.3142918568673425,600,0.7928240591697012,1.1963721649943482,0.6280717073654256,1.50724149698041,0.7882248165882193,1.506055248334535,COMPLETE
9,1.545294518392473,8.08120379564417,64,4,917,1.8789279685460507,0.006385847474975015,36,158,9.29697652342573,916,0.7836767708601395,1.2423064172246348,0.6090546431223587,1.545294518392473,0.7780062043468201,1.5453598663544568,COMPLETE
10,1.511067147696494,3.0056482304934593,32,5,2918,38.364834250811505,0.029532641708913645,20,61,4.488612894579547,691,0.7916364439148356,1.200902506980974,0.626181269118661,1.511067147696494,0.7845264345781374,1.5102847478883779,COMPLETE
11,1.510298693183178,2.622713788133538,254,5,2806,3.1545619302733003,0.041690442147811264,40,250,5.701692842039315,408,0.7920611704131063,1.2052390252940755,0.6265613841221536,1.510298693183178,0.786869082180173,1.5122343750103617,COMPLETE
12,1.5055364969675815,6.893554273432975,254,3,2283,1.1086605254485873,0.03740380566082119,24,205,5.1667372156818905,396,0.7932193718190496,1.1960516558724312,0.6289126861666349,1.5055364969675815,0.7886640823091124,1.5060766872717712,COMPLETE
13,1.507042302839696,0.25549494810543205,32,5,2232,7.426885782980514,0.1110012187512352,7,199,6.83272113094926,146,0.7931584038477235,1.1973904576972612,0.6281700075267195,1.507042302839696,0.7849963007099658,1.5057628989641874,COMPLETE
14,1.5002117011699043,3.1118333480954288,254,4,2271,2.8953085485292482,0.060334711810800606,26,121,3.649666182125815,408,0.7955198651070117,1.191963035516607,0.6315329745074529,1.5002117011699043,0.7890201730258013,1.499426579257072,COMPLETE
15,1.5103869570465762,3.672421411993175,128,4,2411,2.5197169960934214,0.022469467949062093,25,120,3.5152165813321177,574,0.7917420578331407,1.2005020423464683,0.6265177343484043,1.5103869570465762,0.7868563516828047,1.5106122115039167,COMPLETE
16,1.504916310518,3.905281937719927,128,4,2572,1.0297922985695922,0.005204221200743531,9,119,3.0256778932052315,2553,0.7934439274827215,1.1950704976890412,0.6292183525145704,1.504916310518,0.7887208338130726,1.5054621744768757,COMPLETE
17,1.5079866163981521,3.7734415134720214,254,6,1998,1.2378941037314606,0.005104923806185386,7,93,4.047954732358061,1994,0.7925445833863037,1.2013476163492627,0.6277038837690093,1.5079866163981521,0.78767382758657,1.5088855661561538,COMPLETE
18,1.5087177859409089,1.9861228879154842,32,3,2661,1.0024282135273945,0.018012813843336677,26,170,2.1402992289592944,771,0.7923506431819224,1.2015035634343811,0.6273427697232837,1.5087177859409089,0.7874880458632058,1.5087801796755886,COMPLETE
19,1.5111223109019245,3.8126341561686306,128,5,2096,3.468640035117691,0.06872846941706136,20,85,0.5412391174859446,116,0.7914904444376684,1.2021207301379968,0.6261539752742096,1.5111223109019245,0.7864963746231246,1.509887081633877,COMPLETE
20,1.5130652676778706,6.398425719810309,254,6,1921,1.6801621794527615,0.04725616234868556,8,139,2.1140773359876457,334,0.7912599959515805,1.1957292878535708,0.6251919967074941,1.5130652676778706,0.7874109909411887,1.5135121399069347,COMPLETE
21,1.5078357745982531,5.533101830835973,128,4,2647,2.3111802184889103,0.010253462813947541,11,118,3.0717386841114025,1240,0.7925156086593905,1.1978390490454591,0.6277783605673615,1.5078357745982531,0.7874558291694376,1.5079929257529352,COMPLETE
22,1.5030194399054453,4.193918259150439,128,4,2516,2.393025418508366,0.007705506754253639,5,132,4.396545518859716,2056,0.7939984885778636,1.1965033998257044,0.6301524663297604,1.5030194399054453,0.7893201660158554,1.5029847665561775,COMPLETE
23,1.5019861801280454,4.1650465550750475,128,3,2431,4.287906320481468,0.007104251538882788,4,177,4.554304641853261,2365,0.79432919186092,1.1956629720014678,0.6306607993758893,1.5019861801280454,0.7894136016919756,1.5026765170956298,COMPLETE
24,1.5055140522664157,2.563670798609202,128,3,2341,4.679056804829412,0.007326608661354347,5,178,4.496756324604159,2320,0.7932120297178858,1.1978794344482735,0.6289237505038965,1.5055140522664157,0.7886904331674313,1.505637761074014,COMPLETE
25,1.5056931607856445,1.5198210324491628,128,3,2996,2.7222930469334883,0.014261075059763073,4,135,6.281359703636583,1173,0.7931498134856586,1.1990427253838098,0.6288354525953384,1.5056931607856445,0.7874505989508326,1.5057014811361142,COMPLETE
26,1.5026176282835166,4.258652246772893,254,3,2179,5.502180117738917,0.027135392309704204,30,181,5.015812746085526,817,0.7942001350764711,1.190407081362162,0.6303501872229595,1.5026176282835166,0.7885544293232206,1.5032325777115474,COMPLETE
27,1.4990948136350555,3.207518120052471,254,3,2113,7.076325261453763,0.027143909802527143,30,225,7.280253875666061,812,0.7951549796244177,1.1935622725635873,0.632081407819695,1.4990948136350555,0.789564606093713,1.4993598339007874,COMPLETE
28,1.5089369144589635,2.8560830368422603,254,3,1829,7.908661148136827,0.08319167961182465,36,235,7.764520054787026,285,0.7921900287687322,1.2018917767304598,0.6272345112304442,1.5089369144589635,0.7870555903227879,1.5096757499223297,COMPLETE
29,1.5107257860101817,1.3922192740409605,254,3,1542,13.90065441282283,0.08815206934293182,34,222,7.370541020705846,388,0.7918195753252318,1.1984785882593552,0.6263501470918177,1.5107257860101817,0.786486894851903,1.5110703009010091,COMPLETE
30,1.5026634871566529,2.279770484528901,254,4,2076,5.84106732669703,0.05049641429590178,27,234,8.537564011399866,339,0.7942709488608544,1.195504197207194,0.6303276239543976,1.5026634871566529,0.787468832074025,1.5041689369812963,COMPLETE
31,1.5018909904305686,4.429031741352617,254,3,2184,5.071249052252946,0.02883400241159867,29,178,5.367544575984233,678,0.7943846050107288,1.1905847765395268,0.6307076122869224,1.5018909904305686,0.7895935539008531,1.5028098010445077,COMPLETE
32,1.4979734239747606,3.3345560430561774,254,3,2386,9.606963053294088,0.034651374705806454,29,185,5.366482812780483,569,0.7957172760427415,1.1898136399837036,0.6326316409166367,1.4979734239747606,0.7905649035623963,1.4986141544381446,COMPLETE
33,1.5064708131863354,3.2153912681385206,254,4,1957,10.800787236397857,0.035450734335021786,29,222,6.7198501954842,565,0.7930070507439888,1.1986356787648487,0.6284519594033495,1.5064708131863354,0.7876559576730031,1.5078054536101815,COMPLETE
34,1.5066666470332952,3.3992234773160526,254,3,1657,8.244753354537327,0.02965554030701874,23,167,5.961660887493601,715,0.7929854434820786,1.1962543615230055,0.6283553542639533,1.5066666470332952,0.7883064479515158,1.5079507985023777,COMPLETE
35,1.502469668191689,4.759064334412866,254,3,2784,29.257518529451648,0.024170678040110225,33,105,5.314224482598247,1497,0.7941274996498889,1.1900285402460982,0.6304229811612592,1.502469668191689,0.7900514704360078,1.5038675897339422,COMPLETE
36,1.5058553286964391,1.6809736976906637,254,4,2169,6.300691741323054,0.03301812917879515,22,188,3.8429814830862825,527,0.7931995016402668,1.1983160364730117,0.6287554971008714,1.5058553286964391,0.7878322596251458,1.5064614380734265,COMPLETE
37,1.5004185603348654,0.965857213620362,64,3,2333,9.430371001771837,0.05800701066393825,28,192,6.851699147851867,333,0.7946822693586505,1.1978486221796316,0.6314313541347232,1.5004185603348654,0.7900451505885266,1.5020997871142203,COMPLETE
38,1.5045713612822014,0.9660491671537033,64,8,2442,15.47151260794938,0.05084120561474049,27,213,8.37031886488338,501,0.7939108714479196,1.1944026715719904,0.6293883103875297,1.5045713612822014,0.7875833520688965,1.506562866074062,COMPLETE
39,1.5022868955738191,0.06311289338231019,64,4,647,19.80536682823247,0.06020159569711728,33,190,7.253404660088101,362,0.7944020672034957,1.1994054813968653,0.6305128923948633,1.5022868955738191,0.787358016817332,1.5020765640978397,COMPLETE
40,1.5173748700609386,2.11304377986656,64,5,2758,9.969973867034449,0.08060278974338708,38,220,9.941532155380596,221,0.7900615976368619,1.2043129061555236,0.6230538552040743,1.5173748700609386,0.7845452125157678,1.5195475229543982,COMPLETE
41,1.5006000240170445,5.141444835474936,64,3,1864,10.341324075018548,0.039690295144289206,29,160,6.488488432106654,460,0.7946458370219638,1.1963445921867184,0.6313421978555425,1.5006000240170445,0.7893046751253345,1.5009823625104097,COMPLETE
42,1.496429186559535,5.602863779920043,64,3,1871,8.948659147466145,0.04215183400308599,28,148,6.4913374988203945,545,0.796064384865167,1.1905953304576082,0.6333886791174371,1.496429186559535,0.7903147974143833,1.4960691051340773,COMPLETE
43,1.5022211932631293,7.66167925264151,64,3,1370,13.028736942128086,0.06119094567511312,32,150,7.686513933180594,498,0.7944330051007473,1.1880217070769197,0.6305452106237635,1.5022211932631293,0.7869903941950385,1.5015715361770179,COMPLETE
44,1.501354871127057,9.85035830093138,64,4,1684,24.640761434154655,0.042745836892713544,21,193,6.009584776488672,455,0.7945850431330137,1.1906843384214856,0.6309712125646362,1.501354871127057,0.7875505905606903,1.5006942022902228,COMPLETE
45,1.504001110436868,5.9210843118837175,64,3,2040,9.146195259660898,0.05741550375586291,17,108,7.123379187208674,415,0.793748193383848,1.2023885794084288,0.6296691898249636,1.504001110436868,0.7888308863295523,1.505168097716256,COMPLETE
46,1.5021605266171636,0.9677563498760735,64,3,2360,6.32381947531237,0.06983560647646857,27,235,7.9919574233939885,368,0.7943338153275067,1.1927929505800796,0.630575050610612,1.5021605266171636,0.7880324789311176,1.502748027375995,COMPLETE
47,1.5068054700971878,0.6045440403904103,32,4,2262,7.132683302163258,0.018989215836993676,25,143,5.763786329898189,889,0.7929695811268206,1.195203125145423,0.628286865025987,1.5068054700971878,0.7868383364853875,1.5078210611296128,COMPLETE
48,1.4977887859734613,7.226818946850198,64,3,1555,16.414283214247273,0.04645869634318535,36,205,6.867459920452984,658,0.7956339585220517,1.1907155307484578,0.6327221979026998,1.4977887859734613,0.7894066099066878,1.4991375681258547,COMPLETE
49,1.5145416211708256,7.59284227268528,254,4,1475,15.475799904240413,0.044918327636138906,35,206,6.375216255017149,545,0.7904402763162534,1.2031946850929478,0.624460211928314,1.5145416211708256,0.7857039965044704,1.5165052321872439,COMPLETE
50,1.5132315093933708,8.479143379099167,32,6,1774,38.82225536952798,0.034840962867318415,39,128,9.161578833538128,677,0.7912392090076821,1.2008331837858144,0.625109631260693,1.5132315093933708,0.785742224317538,1.514009503503918,COMPLETE
51,1.498899848423111,6.295659983014112,64,3,1169,11.455788022261865,0.05480678791515901,31,203,6.98932529969875,288,0.79519470444618,1.1985284724347323,0.632177101115584,1.498899848423111,0.7892537349753797,1.5009886733257607,COMPLETE
52,1.5032451379595637,6.8740455204608155,64,3,1179,11.87608392408834,0.05184295261476066,31,215,8.197596482614749,429,0.7939360869521391,1.1936095995851785,0.6300413830878531,1.5032451379595637,0.787166078690818,1.503514066747133,COMPLETE
53,1.501162252166284,7.055434918144731,64,3,915,19.02893078928674,0.023250444487673817,37,229,7.419414889883663,914,0.7946123091383237,1.1967526796296746,0.6310658968835894,1.501162252166284,0.7900128794133147,1.5016162617734512,COMPLETE
54,1.5121461789457473,5.877928097483879,64,4,1006,48.52254383752525,0.04026880934424186,32,246,6.9376397044254565,883,0.7916344115345328,1.1997361359572452,0.6256472013767774,1.5121461789457473,0.7840420037403326,1.5108397496050618,COMPLETE
55,1.4978284476048074,6.4436567004154215,64,3,1524,24.782318254978865,0.03216769471901879,25,202,5.583723064037915,770,0.7955428967196764,1.192818568213234,0.6327027465223842,1.4978284476048074,0.7897531118892674,1.4980495496326225,COMPLETE
56,1.503871754564664,6.377484264029105,64,3,1571,28.715540843866826,0.031712428970775475,24,203,4.957981146870274,1159,0.7938109645691968,1.1931777997667918,0.6297328897844146,1.503871754564664,0.7876089038660395,1.5023719263539672,COMPLETE
57,1.4991510340213277,7.160349512922549,64,3,1258,22.749984739763676,0.02613013362189246,35,197,5.589555094136211,893,0.7952717226708949,1.1934919198093372,0.6320538112820435,1.4991510340213277,0.7890955390230605,1.4992471180722824,COMPLETE
58,1.5033954442689226,5.773942042565999,64,3,1416,16.23689587884861,0.016242786572254406,31,208,6.296782694093621,1182,0.7938697953443166,1.1964492873651598,0.6299673966262463,1.5033954442689226,0.7886988051492955,1.5034950777108453,COMPLETE
59,1.4983206185822242,6.579718318257837,64,3,1256,11.333314938460706,0.037895227384730876,19,228,6.133755150655584,428,0.7954984476470681,1.1918779863211524,0.6324613266874022,1.4983206185822242,0.7901629213095449,1.4987417324862629,COMPLETE
60,1.5027842563497769,8.191591296151657,64,3,748,11.737496294012338,0.03892879298490557,18,168,4.787944137409125,663,0.7941250470678676,1.1970747985130532,0.6302682003655242,1.5027842563497769,0.7879011241701113,1.5018547888484388,COMPLETE
61,1.5012519003111662,6.783525014307202,64,3,1303,8.475828621421499,0.03185530750932878,30,229,6.630125847419515,807,0.7945894735967758,1.1949651537500088,0.631021830700252,1.5012519003111662,0.7889846511244424,1.5020217166922285,COMPLETE
62,1.4994329546445009,7.530820798986216,64,3,1102,17.187741545931097,0.04560844576288662,25,215,6.132604741965788,429,0.7950734187295855,1.1926333456755271,0.6319154111208707,1.4994329546445009,0.789546046081858,1.499827471010887,COMPLETE
63,1.5031962183067955,6.569365485063318,64,3,1603,13.071280872774654,0.021787697739366757,14,199,5.5277924799459575,1201,0.7941419553996553,1.1950065930097666,0.6300654615992523,1.5031962183067955,0.788904036748097,1.503084762277391,COMPLETE
64,1.501104389807553,6.189557225865866,64,3,1478,14.667414287771338,0.037496059988868374,19,239,7.100466926580307,413,0.7945913852777742,1.1985468134645492,0.6310943374948208,1.501104389807553,0.7879978105723784,1.5025511207920228,COMPLETE
65,1.5066538015403794,5.392773213446985,32,3,1207,6.966227025441802,0.025647622456727068,28,225,5.68658287853157,720,0.7927463987230309,1.2001262399652595,0.6283616913502923,1.5066538015403794,0.7875997328229996,1.507670120447858,COMPLETE
66,1.4996135872998029,7.300058758485011,64,3,1751,11.041106470546863,0.021226763720085817,14,185,7.7892751955390995,1094,0.7950831243862364,1.191590414066869,0.6318267214581816,1.4996135872998029,0.7889094848924773,1.4999570837293452,COMPLETE
67,1.5083382070219706,7.902861979523063,64,3,1871,25.163277577885815,0.04881515319835916,23,208,8.673095422426272,370,0.7922904413639409,1.2038921522085146,0.6275302601019797,1.5083382070219706,0.7860980789479706,1.509189196102709,COMPLETE
68,1.5100451292885013,4.936899968075308,254,3,967,18.13817530371095,0.029499300372340036,34,69,4.196782298693312,839,0.7917651046552511,1.2007979862106748,0.6266867667388487,1.5100451292885013,0.7874192902811278,1.5106606919621888,COMPLETE
69,1.5086286651825358,8.740176634158813,64,4,1068,9.287923067706808,0.043260660987383015,26,250,6.594793825776163,404,0.7922911336487665,1.2032992461103904,0.6273867945427358,1.5086286651825358,0.7858606306554008,1.5084644286300182,COMPLETE
70,1.5087315471361267,6.162577417989029,254,3,1450,21.278476321970516,0.05417107702157106,16,219,7.51941129337103,977,0.7924732415521137,1.194390303262023,0.6273359715900205,1.5087315471361267,0.7871174812429468,1.50915305904086,COMPLETE
71,1.4970582185089965,7.262303686302852,64,3,1262,21.408083119764818,0.026429222759480432,36,197,5.949175192017107,1217,0.7959448671918691,1.1918200358026696,0.63308040030938,1.4970582185089965,0.789114462244541,1.495366588520157,COMPLETE
72,1.4982111084472955,6.584724284232039,64,3,1307,31.66775793541941,0.034932508892951526,40,197,5.948068314116335,936,0.7955301103795176,1.190673809941513,0.6325150504876729,1.4982111084472955,0.7880785883930553,1.4977749424426845,COMPLETE
73,1.4984345444785063,6.651665330607161,64,3,1309,31.586518714319837,0.03496481031918012,40,183,5.908677434015318,1097,0.7954877599400798,1.189637207388485,0.6324054324226545,1.4984345444785063,0.7881613638666715,1.4971673618232044,COMPLETE
74,1.4947605915251756,6.63264088007512,64,3,1334,33.87050988135368,0.033788727733189645,40,174,5.157260595198481,849,0.7965636194220043,1.1921851750795072,0.6342058040202008,1.4947605915251756,0.7907027597756963,1.4946579111373646,COMPLETE
